proguard.cfg
-dontoptimize
-dontwarn oauth.signpost.**
-dontwarn android.support.v4.**
-keep class android.support.v4.** { *; }
-keep public class net.flixster.android.view.JavascriptCallback
-keep public class * implements net.flixster.android.view.JavascriptCallback
-keepclassmembers class * implements net.flixster.android.view.JavascriptCallback {
    <methods>;
}