proguard/seeds.txt
android.support.v4.widget.ScrollerCompatIcs
android.support.v4.widget.ScrollerCompatIcs: ScrollerCompatIcs()
android.support.v4.widget.ScrollerCompatIcs: float getCurrVelocity(android.widget.Scroller)
android.support.v4.widget.SearchViewCompat
android.support.v4.widget.SearchViewCompat: android.support.v4.widget.SearchViewCompat$SearchViewCompatImpl IMPL
android.support.v4.widget.SearchViewCompat: SearchViewCompat(android.content.Context)
android.support.v4.widget.SearchViewCompat: android.view.View newSearchView(android.content.Context)
android.support.v4.widget.SearchViewCompat: void setOnQueryTextListener(android.view.View,android.support.v4.widget.SearchViewCompat$OnQueryTextListenerCompat)
android.support.v4.widget.SearchViewCompat: android.support.v4.widget.SearchViewCompat$SearchViewCompatImpl access$000()
android.support.v4.widget.SearchViewCompat: void <clinit>()
android.support.v4.widget.SearchViewCompat$OnQueryTextListenerCompat
android.support.v4.widget.SearchViewCompat$OnQueryTextListenerCompat: java.lang.Object mListener
android.support.v4.widget.SearchViewCompat$OnQueryTextListenerCompat: SearchViewCompat$OnQueryTextListenerCompat()
android.support.v4.widget.SearchViewCompat$OnQueryTextListenerCompat: boolean onQueryTextSubmit(java.lang.String)
android.support.v4.widget.SearchViewCompat$OnQueryTextListenerCompat: boolean onQueryTextChange(java.lang.String)
android.support.v4.widget.SearchViewCompat$SearchViewCompatHoneycombImpl
android.support.v4.widget.SearchViewCompat$SearchViewCompatHoneycombImpl: SearchViewCompat$SearchViewCompatHoneycombImpl()
android.support.v4.widget.SearchViewCompat$SearchViewCompatHoneycombImpl: android.view.View newSearchView(android.content.Context)
android.support.v4.widget.SearchViewCompat$SearchViewCompatHoneycombImpl: java.lang.Object newOnQueryTextListener(android.support.v4.widget.SearchViewCompat$OnQueryTextListenerCompat)
android.support.v4.widget.SearchViewCompat$SearchViewCompatHoneycombImpl: void setOnQueryTextListener(java.lang.Object,java.lang.Object)
android.support.v4.widget.SearchViewCompat$SearchViewCompatHoneycombImpl$1
android.support.v4.widget.SearchViewCompat$SearchViewCompatHoneycombImpl$1: android.support.v4.widget.SearchViewCompat$OnQueryTextListenerCompat val$listener
android.support.v4.widget.SearchViewCompat$SearchViewCompatHoneycombImpl$1: android.support.v4.widget.SearchViewCompat$SearchViewCompatHoneycombImpl this$0
android.support.v4.widget.SearchViewCompat$SearchViewCompatHoneycombImpl$1: SearchViewCompat$SearchViewCompatHoneycombImpl$1(android.support.v4.widget.SearchViewCompat$SearchViewCompatHoneycombImpl,android.support.v4.widget.SearchViewCompat$OnQueryTextListenerCompat)
android.support.v4.widget.SearchViewCompat$SearchViewCompatHoneycombImpl$1: boolean onQueryTextSubmit(java.lang.String)
android.support.v4.widget.SearchViewCompat$SearchViewCompatHoneycombImpl$1: boolean onQueryTextChange(java.lang.String)
android.support.v4.widget.SearchViewCompat$SearchViewCompatImpl
android.support.v4.widget.SearchViewCompat$SearchViewCompatImpl: android.view.View newSearchView(android.content.Context)
android.support.v4.widget.SearchViewCompat$SearchViewCompatImpl: java.lang.Object newOnQueryTextListener(android.support.v4.widget.SearchViewCompat$OnQueryTextListenerCompat)
android.support.v4.widget.SearchViewCompat$SearchViewCompatImpl: void setOnQueryTextListener(java.lang.Object,java.lang.Object)