proguard/mapping.txt
net.flixster.android.view.LoginActivity$3 -> net.flixster.android.view.r:
    net.flixster.android.view.LoginActivity this$0 -> a
    void handleMessage(android.os.Message) -> handleMessage
net.flixster.android.view.LoginActivity$4 -> net.flixster.android.view.s:
    net.flixster.android.view.LoginActivity this$0 -> a
    void handleMessage(android.os.Message) -> handleMessage
    net.flixster.android.view.LoginActivity access$0(net.flixster.android.view.LoginActivity$4) -> a
net.flixster.android.view.LoginActivity$4$1 -> net.flixster.android.view.t:
    net.flixster.android.view.LoginActivity$4 this$1 -> a
    java.lang.String val$fUsername -> b
    java.lang.String val$fPassword -> c
    void run() -> run
net.flixster.android.view.LoginActivity$5 -> net.flixster.android.view.u:
    net.flixster.android.view.LoginActivity this$0 -> a
    void handleMessage(android.os.Message) -> handleMessage
net.flixster.android.view.MovieDetailsActivity -> net.flixster.android.view.MovieDetailsActivity:
    void onCreate(android.os.Bundle) -> onCreate
    void setContentView() -> m
net.flixster.android.view.RegisterWebViewActivity -> net.flixster.android.view.RegisterWebViewActivity:
    android.webkit.WebView webView -> a
    android.app.ProgressDialog progressDialog -> b
    boolean javascriptInterfaceBroken -> c
    java.lang.reflect.Method sMethod -> d
    android.webkit.CookieManager cookieManager -> e
    java.util.Locale locale -> f
    java.lang.String authToken -> g
    java.lang.String deviceid -> h
    void onCreate(android.os.Bundle) -> onCreate
    void onResume() -> onResume
    void onStop() -> onStop
    void access$0(net.flixster.android.view.RegisterWebViewActivity,android.app.ProgressDialog) -> a
    boolean access$1(net.flixster.android.view.RegisterWebViewActivity) -> a
    java.lang.reflect.Method access$2(net.flixster.android.view.RegisterWebViewActivity) -> b
    void access$3(net.flixster.android.view.RegisterWebViewActivity,java.lang.reflect.Method) -> a
    android.webkit.CookieManager access$4(net.flixster.android.view.RegisterWebViewActivity) -> c
    java.util.Locale access$5(net.flixster.android.view.RegisterWebViewActivity) -> d
    java.lang.String access$6(net.flixster.android.view.RegisterWebViewActivity) -> e
    android.app.ProgressDialog access$7(net.flixster.android.view.RegisterWebViewActivity) -> f
net.flixster.android.view.RegisterWebViewActivity$FWebViewClient -> net.flixster.android.view.v:
    net.flixster.android.view.RegisterWebViewActivity this$0 -> a
    void onPageStarted(android.webkit.WebView,java.lang.String,android.graphics.Bitmap) -> onPageStarted
    boolean shouldOverrideUrlLoading(android.webkit.WebView,java.lang.String) -> shouldOverrideUrlLoading
    void onPageFinished(android.webkit.WebView,java.lang.String) -> onPageFinished
net.flixster.android.view.RegisterWebViewActivity$FWebViewClientChrome -> net.flixster.android.view.w:
    net.flixster.android.view.RegisterWebViewActivity this$0 -> a
net.flixster.android.view.RegisterWebViewActivity$IJavascriptHandler -> net.flixster.android.view.x:
    net.flixster.android.view.RegisterWebViewActivity this$0 -> a
    void onRegistrationComplete(java.lang.String) -> onRegistrationComplete
net.flixster.android.view.SeasonDetailsActivity -> net.flixster.android.view.SeasonDetailsActivity:
    void onCreate(android.os.Bundle) -> onCreate
    void setContentView() -> m