proguard/usage.txt
com.jayway.android.robotium.solo.Presser
com.jayway.android.robotium.solo.RobotiumUtils
com.jayway.android.robotium.solo.Scroller
com.jayway.android.robotium.solo.Scroller$1
com.jayway.android.robotium.solo.Scroller$2
com.jayway.android.robotium.solo.Scroller$Direction
com.jayway.android.robotium.solo.Scroller$Side
com.jayway.android.robotium.solo.Searcher
com.jayway.android.robotium.solo.Searcher$1
com.jayway.android.robotium.solo.Setter
com.jayway.android.robotium.solo.Setter$1
com.jayway.android.robotium.solo.Setter$2
com.jayway.android.robotium.solo.Setter$3
com.jayway.android.robotium.solo.Setter$4
com.jayway.android.robotium.solo.Sleeper
com.jayway.android.robotium.solo.Solo
com.jayway.android.robotium.solo.TextEnterer
com.jayway.android.robotium.solo.TextEnterer$1
com.jayway.android.robotium.solo.ViewFetcher
com.jayway.android.robotium.solo.Waiter
com.medialets.advertising.AdActivity
com.medialets.advertising.AdListActivity
com.medialets.advertising.AdListener
com.medialets.advertising.AdManager:
    public static final int SYNC_NO_NETWORK
    public static final int SYNC_UNEXPECTED_ERROR
    protected static final int SYNC_COMPLETE
    protected com.medialets.advertising.AdListener mAdListener
    private AdManager(java.lang.String,java.lang.String)
    public static com.medialets.advertising.AdManager getInstance(java.lang.String,java.lang.String)
    public final void useTestServers()
    protected final void start(android.app.Activity,boolean)
    public final void pause()
    public final boolean prepare(com.medialets.advertising.BannerAdView)
    public final boolean prepare(com.medialets.advertising.BannerAdView,java.lang.String)
    public final boolean prepare(com.medialets.advertising.BannerAdView,java.lang.String,java.lang.String)
    public final boolean prepare(com.medialets.advertising.BannerAdView,java.lang.String,java.lang.String,java.util.HashMap)
    public final void registerWebView(android.webkit.WebView,java.lang.String,int,java.lang.String,java.lang.String)
    public final void displayInterstitialAd()
    public final void displayInterstitialAd(com.medialets.advertising.InterstitialAdView)
    public final void displayInterstitialAd(com.medialets.advertising.InterstitialAdView,java.lang.String)
    public final void setCurrentActivity(android.app.Activity)
    public final void setAdListener(com.medialets.advertising.AdListener)
com.medialets.advertising.AdManagerService:
    protected final void runSync()
    protected final void runCleanSync()
    protected final void stopRunning()
com.medialets.advertising.AdTabActivity
com.medialets.advertising.AdView:
    public static final int TYPE_BANNER
    public static final int TYPE_INTERSTITIAL
    protected static final int TYPE_EXPANDABLE
    protected com.medialets.advertising.AdView$AdListener mListener
    protected com.medialets.advertising.ab mAdEventListener
    public AdView(android.content.Context,android.util.AttributeSet)
    public AdView(android.content.Context,android.util.AttributeSet,int)
    public final void displayWhenReady()
    public final void displayWhenReady(boolean)
    public void setSlotKeywords(java.lang.String)
    public final void setBlockedKeywords(java.lang.String)
    protected abstract void renderLayout()
    public void cleanUp(android.webkit.WebView,java.lang.String)
    protected void setAdEventListener(com.medialets.advertising.ab)
    public void setAdListener(com.medialets.advertising.AdView$AdListener)
com.medialets.advertising.AdWebView:
    public AdWebView(android.content.Context,android.util.AttributeSet)
    public AdWebView(android.content.Context,android.util.AttributeSet,int)
com.medialets.advertising.BannerAdView:
    public BannerAdView(android.content.Context,android.util.AttributeSet)
    public BannerAdView(android.content.Context,android.util.AttributeSet,int)
    public final void forceExpand()